SF:lib/core/api_client/client.dart
DA:22,0
LF:1
LH:0
end_of_record
SF:lib/features/jobs/repo/jobs_repo_impl.dart
DA:15,1
DA:28,1
DA:32,3
DA:34,4
DA:45,1
DA:49,2
DA:51,3
DA:52,1
DA:53,1
DA:54,1
LF:10
LH:10
end_of_record
SF:lib/features/jobs/models/job_details.dart
DA:6,5
DA:21,1
DA:22,1
DA:23,1
DA:24,2
DA:25,2
DA:26,2
DA:27,1
DA:28,1
DA:29,2
DA:30,2
DA:31,2
DA:32,2
DA:33,1
DA:51,1
DA:52,1
DA:53,1
DA:54,1
DA:55,1
DA:56,1
DA:57,1
DA:58,1
DA:59,1
DA:60,1
DA:61,1
DA:62,1
DA:63,1
LF:27
LH:27
end_of_record
SF:lib/features/jobs/models/job_post.dart
DA:6,5
DA:19,1
DA:20,1
DA:21,1
DA:22,1
DA:23,2
DA:24,2
DA:25,1
DA:26,2
DA:27,2
DA:28,2
DA:29,1
DA:35,0
DA:36,0
DA:37,0
DA:38,0
DA:39,0
DA:40,0
DA:41,0
DA:43,0
DA:44,0
DA:46,0
DA:47,0
DA:48,0
DA:50,0
DA:51,0
DA:53,0
DA:70,1
DA:71,1
DA:72,1
DA:73,1
DA:74,1
DA:75,1
DA:76,1
DA:77,1
DA:78,1
LF:36
LH:21
end_of_record
SF:lib/core/helpers/extract_values.dart
DA:1,1
DA:2,2
DA:5,1
DA:6,1
DA:7,1
DA:8,4
DA:10,1
DA:11,1
LF:8
LH:8
end_of_record
SF:lib/core/models/app_error.dart
DA:5,11
DA:7,3
DA:12,1
DA:13,3
LF:4
LH:4
end_of_record
SF:lib/features/jobs/bloc/job_event.dart
DA:6,4
DA:12,2
DA:18,2
LF:3
LH:3
end_of_record
SF:lib/features/jobs/bloc/job_state.dart
DA:6,3
DA:15,3
DA:16,3
DA:18,3
DA:26,3
DA:32,3
DA:33,0
DA:34,3
DA:35,3
DA:52,1
DA:53,1
DA:54,1
DA:55,1
DA:56,1
DA:57,1
LF:15
LH:14
end_of_record
SF:lib/features/jobs/bloc/job_bloc.dart
DA:15,3
DA:18,2
DA:20,2
DA:31,1
DA:33,3
DA:36,2
DA:39,1
DA:41,4
DA:43,4
DA:52,1
DA:54,3
DA:57,3
DA:60,1
DA:62,4
DA:64,1
DA:65,3
DA:71,0
DA:73,0
DA:78,1
DA:80,1
LF:20
LH:18
end_of_record
SF:lib/core/extension/shimmer.dart
DA:7,4
DA:8,2
DA:9,2
DA:11,2
LF:4
LH:4
end_of_record
SF:lib/features/jobs/screens/job_info.dart
DA:20,2
DA:22,1
DA:23,1
DA:27,1
DA:29,1
DA:30,1
DA:31,1
DA:32,0
DA:33,1
DA:35,1
DA:41,1
DA:42,1
DA:44,2
DA:46,3
DA:48,3
LF:15
LH:14
end_of_record
SF:lib/features/jobs/part/job_responsibility_builder.dart
DA:4,3
DA:8,1
DA:10,1
DA:11,1
DA:12,1
DA:13,3
DA:16,0
DA:17,0
DA:18,0
DA:19,0
DA:21,0
LF:11
LH:6
end_of_record
SF:lib/features/jobs/part/tags_builder.dart
DA:4,3
DA:8,1
DA:10,1
DA:11,1
DA:12,1
DA:13,1
DA:14,1
DA:15,3
DA:18,0
DA:19,0
DA:20,0
DA:22,0
DA:23,0
DA:25,0
DA:27,0
DA:28,0
DA:29,0
DA:31,0
LF:18
LH:8
end_of_record
SF:lib/features/jobs/part/apply_button.dart
DA:4,3
DA:6,1
DA:8,1
DA:10,1
DA:11,1
DA:12,2
DA:14,1
DA:16,2
DA:18,1
DA:20,1
DA:22,1
LF:11
LH:11
end_of_record
SF:lib/features/jobs/part/jobs_info_widget.dart
DA:4,3
DA:6,1
DA:8,1
DA:9,1
DA:10,1
DA:11,3
DA:12,1
DA:13,1
DA:14,1
DA:16,1
DA:18,2
DA:19,1
DA:20,2
DA:21,1
DA:23,1
DA:27,2
DA:28,1
DA:29,7
DA:30,1
DA:32,1
DA:36,2
DA:38,2
DA:39,1
DA:41,1
DA:43,1
DA:47,2
DA:48,1
DA:49,2
DA:50,1
DA:52,1
DA:56,2
DA:57,1
DA:59,1
DA:61,1
DA:65,2
LF:35
LH:35
end_of_record
SF:lib/features/jobs/part/company_info.dart
DA:4,3
DA:6,1
DA:8,1
DA:9,1
DA:10,1
DA:12,1
DA:13,1
DA:14,2
DA:17,2
DA:18,1
DA:21,1
DA:22,1
DA:23,2
DA:24,1
DA:26,1
DA:30,1
DA:31,2
DA:32,1
DA:34,1
LF:19
LH:19
end_of_record
SF:lib/features/jobs/widgets/custom_image.dart
DA:10,2
DA:19,2
DA:21,2
DA:22,4
DA:23,2
DA:24,4
DA:25,4
DA:28,4
DA:29,0
DA:30,0
DA:32,0
LF:11
LH:8
end_of_record
SF:lib/features/jobs/widgets/error_box.dart
DA:9,3
DA:16,2
DA:18,2
DA:19,2
DA:20,2
DA:21,2
DA:23,2
LF:7
LH:7
end_of_record
SF:lib/features/jobs/widgets/notification_bell.dart
DA:7,4
DA:9,2
DA:11,2
DA:12,2
DA:13,2
DA:15,2
DA:16,2
DA:18,4
LF:8
LH:8
end_of_record
SF:lib/features/shimmers/jobs_info_shimmer.dart
DA:7,3
DA:9,1
DA:10,1
DA:14,1
DA:16,1
DA:17,1
DA:18,1
DA:19,3
DA:20,1
DA:22,1
DA:23,1
DA:24,1
DA:25,1
DA:27,1
DA:28,1
DA:29,1
DA:30,1
DA:32,2
DA:50,2
DA:55,2
DA:60,2
DA:61,1
DA:62,1
DA:63,1
DA:67,3
DA:68,1
DA:69,1
DA:72,2
DA:73,1
DA:75,2
DA:81,2
DA:86,2
DA:91,2
DA:96,2
DA:97,1
DA:100,1
DA:101,1
DA:111,1
DA:113,1
DA:114,1
DA:115,2
DA:117,1
DA:119,2
DA:124,1
LF:44
LH:44
end_of_record
SF:lib/features/shimmers/shimmer_box.dart
DA:8,5
DA:24,2
DA:26,2
DA:27,4
DA:28,4
DA:29,2
DA:30,6
LF:7
LH:7
end_of_record
SF:lib/features/jobs/part/jobs_list_builder.dart
DA:4,1
DA:6,1
DA:8,1
DA:9,1
DA:10,1
DA:12,2
DA:13,2
DA:14,1
DA:15,2
DA:17,1
DA:18,1
DA:19,0
DA:21,0
DA:22,0
DA:24,0
DA:26,0
DA:27,0
DA:31,3
LF:18
LH:12
end_of_record
SF:lib/features/jobs/screens/job_listing.dart
DA:18,1
DA:20,1
DA:21,1
DA:25,1
DA:27,1
DA:29,1
DA:34,1
DA:35,2
DA:36,1
DA:38,1
DA:40,1
DA:47,1
DA:48,1
DA:49,2
DA:50,2
DA:53,2
DA:54,3
DA:56,4
LF:18
LH:18
end_of_record
SF:lib/features/jobs/part/jobs_tile.dart
DA:4,1
DA:10,1
DA:12,1
DA:13,1
DA:15,2
DA:16,1
DA:17,2
DA:18,1
DA:20,1
DA:22,1
DA:23,1
DA:25,1
DA:26,1
DA:27,2
DA:30,2
DA:31,1
DA:32,1
DA:35,1
DA:36,1
DA:37,2
DA:38,1
DA:40,1
DA:44,1
DA:45,2
DA:46,1
DA:48,1
DA:52,1
DA:53,7
DA:54,1
DA:56,1
DA:65,2
DA:66,1
DA:68,1
DA:70,1
DA:72,1
LF:35
LH:35
end_of_record
SF:lib/features/shimmers/job_post_box_shimmer.dart
DA:7,1
DA:9,1
DA:10,1
DA:14,1
DA:16,1
DA:19,2
DA:20,1
DA:21,2
DA:23,1
DA:24,1
DA:25,0
DA:26,1
DA:27,1
DA:28,2
DA:29,1
DA:30,2
DA:31,1
DA:33,1
DA:34,1
DA:35,1
DA:36,1
DA:38,1
DA:39,1
DA:40,1
DA:41,1
DA:43,2
DA:44,1
DA:45,1
DA:46,1
DA:49,1
DA:50,1
DA:51,1
DA:52,1
DA:54,1
DA:55,1
DA:56,1
DA:58,1
DA:59,1
DA:60,1
DA:68,2
DA:69,1
DA:71,1
DA:72,1
DA:73,1
DA:81,1
LF:45
LH:44
end_of_record
