SF:lib/core/api_client/client.dart
DA:22,0
LF:1
LH:0
end_of_record
SF:lib/features/jobs/repo/jobs_repo_impl.dart
DA:13,1
DA:19,1
DA:22,1
DA:23,3
DA:24,3
DA:25,4
DA:31,1
DA:34,2
DA:35,2
DA:36,3
DA:37,1
DA:38,1
DA:39,1
DA:41,2
DA:42,2
LF:15
LH:15
end_of_record
SF:lib/features/jobs/models/job_details.dart
DA:7,5
DA:21,1
DA:22,2
DA:23,5
DA:25,1
DA:26,1
DA:27,2
DA:28,2
DA:29,2
DA:30,1
DA:31,1
DA:32,2
DA:33,2
DA:34,2
DA:35,2
DA:36,1
DA:51,1
DA:52,1
DA:53,1
DA:54,1
DA:55,1
DA:56,1
DA:57,1
DA:58,1
DA:59,1
DA:60,1
DA:61,1
DA:62,1
DA:63,1
LF:29
LH:29
end_of_record
SF:lib/features/jobs/models/job_post.dart
DA:4,5
DA:15,1
DA:16,1
DA:17,5
DA:19,1
DA:20,1
DA:21,2
DA:22,2
DA:23,1
DA:24,2
DA:25,2
DA:26,2
DA:27,1
DA:34,0
DA:35,0
DA:36,0
DA:37,0
DA:38,0
DA:39,0
DA:40,0
DA:42,0
DA:43,0
DA:45,0
DA:46,0
DA:47,0
DA:49,0
DA:50,0
DA:52,0
DA:66,1
DA:67,1
DA:68,1
DA:69,1
DA:70,1
DA:71,1
DA:72,1
DA:73,1
DA:74,1
LF:37
LH:22
end_of_record
SF:lib/core/helpers/extract_values.dart
DA:1,1
DA:2,2
DA:5,1
DA:6,1
DA:7,1
DA:8,4
DA:10,1
DA:11,1
LF:8
LH:8
end_of_record
SF:lib/core/models/app_error.dart
DA:5,11
DA:7,3
DA:12,1
DA:13,3
LF:4
LH:4
end_of_record
SF:lib/features/jobs/bloc/job_event.dart
DA:4,4
DA:8,2
DA:12,2
LF:3
LH:3
end_of_record
SF:lib/features/jobs/bloc/job_state.dart
DA:5,3
DA:13,3
DA:14,3
DA:16,3
DA:23,3
DA:29,3
DA:30,0
DA:31,3
DA:32,3
DA:42,1
DA:43,1
DA:44,1
DA:45,1
DA:46,1
DA:47,1
LF:15
LH:14
end_of_record
SF:lib/features/jobs/bloc/job_bloc.dart
DA:13,3
DA:14,2
DA:15,2
DA:20,1
DA:21,3
DA:23,2
DA:24,1
DA:25,4
DA:26,4
DA:30,1
DA:31,3
DA:33,3
DA:34,1
DA:35,4
DA:36,1
DA:37,3
DA:41,0
DA:43,0
DA:46,1
DA:48,1
LF:20
LH:18
end_of_record
SF:lib/features/jobs/screens/job_info.dart
DA:11,2
DA:13,1
DA:14,1
DA:18,1
DA:20,1
DA:21,1
DA:22,1
DA:23,0
DA:24,1
DA:26,1
DA:32,1
DA:33,1
DA:34,2
DA:35,3
DA:37,3
DA:41,1
DA:42,1
DA:43,1
DA:44,3
DA:45,1
DA:47,1
DA:48,1
DA:50,1
DA:51,1
DA:52,2
DA:55,2
DA:56,1
DA:59,1
DA:60,1
DA:61,2
DA:62,1
DA:64,1
DA:68,1
DA:69,2
DA:70,1
DA:72,1
DA:80,2
DA:81,1
DA:82,2
DA:83,1
DA:85,1
DA:89,2
DA:90,1
DA:91,7
DA:92,1
DA:94,1
DA:98,2
DA:99,1
DA:100,1
DA:101,1
DA:102,3
DA:105,0
DA:106,0
DA:107,0
DA:108,0
DA:110,0
DA:111,0
DA:113,0
DA:115,0
DA:116,0
DA:117,0
DA:119,0
DA:127,2
DA:128,1
DA:130,1
DA:132,1
DA:136,2
DA:137,1
DA:138,2
DA:139,1
DA:141,1
DA:145,2
DA:146,1
DA:148,1
DA:150,1
DA:154,2
DA:155,1
DA:156,3
DA:159,0
DA:160,0
DA:161,0
DA:162,0
DA:164,0
DA:173,1
DA:175,1
DA:176,1
DA:177,2
DA:179,1
DA:181,2
DA:183,1
DA:185,1
DA:187,1
LF:92
LH:75
end_of_record
SF:lib/features/jobs/widgets/custom_image.dart
DA:6,2
DA:14,2
DA:16,2
DA:17,4
DA:18,2
DA:19,4
DA:20,4
DA:23,4
DA:24,0
DA:25,0
DA:27,0
LF:11
LH:8
end_of_record
SF:lib/features/jobs/widgets/error_box.dart
DA:5,3
DA:8,2
DA:10,2
DA:12,2
DA:13,2
DA:14,2
DA:16,2
LF:7
LH:7
end_of_record
SF:lib/features/jobs/widgets/notification_bell.dart
DA:5,4
DA:7,2
DA:9,2
DA:10,2
DA:11,2
DA:13,2
DA:14,2
DA:16,4
LF:8
LH:8
end_of_record
SF:lib/features/shimmers/jobs_info_shimmer.dart
DA:6,3
DA:8,1
DA:9,1
DA:13,1
DA:15,1
DA:16,1
DA:17,1
DA:18,3
DA:19,1
DA:21,1
DA:22,1
DA:23,1
DA:24,1
DA:26,1
DA:27,1
DA:28,1
DA:29,1
DA:31,2
DA:49,2
DA:54,2
DA:59,2
DA:60,1
DA:61,1
DA:62,1
DA:66,3
DA:67,1
DA:68,1
DA:71,2
DA:72,1
DA:74,2
DA:80,2
DA:85,2
DA:90,2
DA:95,2
DA:96,1
DA:99,1
DA:100,1
DA:110,1
DA:112,1
DA:113,1
DA:114,2
DA:116,1
DA:118,2
DA:123,1
LF:44
LH:44
end_of_record
SF:lib/features/shimmers/shimmer_box.dart
DA:6,5
DA:16,2
DA:18,2
DA:19,4
DA:20,4
DA:21,2
DA:22,6
DA:30,4
DA:31,2
DA:32,2
DA:34,2
DA:37,0
DA:38,0
DA:40,0
DA:41,0
DA:42,0
DA:44,0
DA:45,0
DA:46,0
DA:48,0
DA:49,0
DA:50,0
DA:51,0
DA:53,0
DA:54,0
DA:55,0
DA:56,0
DA:57,0
DA:58,0
DA:60,0
DA:62,0
LF:31
LH:11
end_of_record
SF:lib/features/jobs/screens/job_listing.dart
DA:13,1
DA:15,1
DA:16,1
DA:20,1
DA:22,1
DA:24,1
DA:29,1
DA:30,2
DA:31,1
DA:33,1
DA:35,1
DA:42,1
DA:43,1
DA:44,2
DA:45,2
DA:48,2
DA:49,3
DA:51,4
DA:62,1
DA:64,1
DA:66,1
DA:67,1
DA:68,1
DA:70,2
DA:71,2
DA:72,1
DA:73,2
DA:75,1
DA:76,1
DA:77,0
DA:79,0
DA:80,0
DA:82,0
DA:84,0
DA:85,0
DA:89,3
DA:99,1
DA:105,1
DA:107,1
DA:108,1
DA:110,2
DA:111,1
DA:112,2
DA:113,1
DA:115,1
DA:117,1
DA:118,1
DA:120,1
DA:121,1
DA:122,2
DA:125,2
DA:126,1
DA:127,1
DA:130,1
DA:131,1
DA:132,2
DA:133,1
DA:135,1
DA:139,1
DA:140,2
DA:141,1
DA:143,1
DA:147,1
DA:148,7
DA:149,1
DA:151,1
DA:160,2
DA:161,1
DA:163,1
DA:165,1
DA:167,1
LF:71
LH:65
end_of_record
SF:lib/features/shimmers/job_post_box_shimmer.dart
DA:6,1
DA:8,1
DA:9,1
DA:13,1
DA:15,1
DA:18,2
DA:19,1
DA:20,2
DA:22,1
DA:23,1
DA:24,0
DA:25,1
DA:26,1
DA:27,2
DA:28,1
DA:29,2
DA:30,1
DA:32,1
DA:33,1
DA:34,1
DA:35,1
DA:37,1
DA:38,1
DA:39,1
DA:40,1
DA:42,2
DA:43,1
DA:44,1
DA:45,1
DA:48,1
DA:49,1
DA:50,1
DA:51,1
DA:53,1
DA:54,1
DA:55,1
DA:57,1
DA:58,1
DA:59,1
DA:67,2
DA:68,1
DA:70,1
DA:71,1
DA:72,1
DA:80,1
LF:45
LH:44
end_of_record
